mode: set
part3-orm/controllers/bookController.go:15.48,17.16 2 1
part3-orm/controllers/bookController.go:22.2,25.4 1 1
part3-orm/controllers/bookController.go:17.16,21.3 1 0
part3-orm/controllers/bookController.go:28.46,33.16 5 1
part3-orm/controllers/bookController.go:40.2,44.4 1 1
part3-orm/controllers/bookController.go:33.16,38.3 1 0
part3-orm/controllers/bookController.go:47.49,55.16 6 1
part3-orm/controllers/bookController.go:61.2,63.16 2 1
part3-orm/controllers/bookController.go:72.2,77.4 2 1
part3-orm/controllers/bookController.go:55.16,59.3 1 0
part3-orm/controllers/bookController.go:63.16,68.3 1 0
part3-orm/controllers/bookController.go:68.8,70.3 1 1
part3-orm/controllers/bookController.go:80.49,87.16 6 1
part3-orm/controllers/bookController.go:93.2,96.4 1 1
part3-orm/controllers/bookController.go:87.16,91.3 1 0
part3-orm/controllers/bookController.go:99.49,105.16 5 1
part3-orm/controllers/bookController.go:111.2,114.4 1 1
part3-orm/controllers/bookController.go:105.16,109.3 1 0
part3-orm/controllers/userController.go:15.48,17.16 2 1
part3-orm/controllers/userController.go:22.2,25.4 1 1
part3-orm/controllers/userController.go:17.16,21.3 1 0
part3-orm/controllers/userController.go:28.46,33.16 5 1
part3-orm/controllers/userController.go:40.2,44.4 1 1
part3-orm/controllers/userController.go:33.16,38.3 1 0
part3-orm/controllers/userController.go:47.49,54.16 5 1
part3-orm/controllers/userController.go:60.2,62.16 2 1
part3-orm/controllers/userController.go:71.2,76.4 2 1
part3-orm/controllers/userController.go:54.16,58.3 1 0
part3-orm/controllers/userController.go:62.16,67.3 1 0
part3-orm/controllers/userController.go:67.8,69.3 1 1
part3-orm/controllers/userController.go:79.49,86.16 6 1
part3-orm/controllers/userController.go:92.2,95.4 1 1
part3-orm/controllers/userController.go:86.16,90.3 1 0
part3-orm/controllers/userController.go:98.49,104.16 5 1
part3-orm/controllers/userController.go:110.2,113.4 1 1
part3-orm/controllers/userController.go:104.16,108.3 1 0
